Cocos2d: 
<dict>
	cocos2d.x.version: quick-cocos2d-x 2.2.6
	cocos2d.x.compiled_with_profiler: false
	cocos2d.x.compiled_with_gl_state_cache: true
	gl.vendor: NVIDIA Corporation
	gl.renderer: NVIDIA GeForce GT 750M OpenGL Engine
	gl.version: 2.1 NVIDIA-10.2.1 310.41.15f01
	gl.max_texture_size: 16384
	gl.max_texture_units: 16
	gl.supports_PVRTC: false
	gl.supports_NPOT: true
	gl.supports_BGRA8888: false
	gl.supports_discard_framebuffer: false
	gl.supports_vertex_array_object: true
</dict>
Cocos2d: lua_loadChunksFromZIP() - load zip file: /Users/pj/Documents/quick_cocos2dx_http_fix.git/lib/framework_precompiled/framework_precompiled.zip
Cocos2d: lua_loadChunksFromZIP() - loaded chunks count: 123
Cocos2d: ------------------------------------------------
Cocos2d: LOAD LUA FILE: /Users/pj/workspace/bishe/scripts/main.lua
Cocos2d: ------------------------------------------------
Cocos2d: [0.0310] [INFO] 
Cocos2d: [0.0310] [INFO] # DEBUG                        = 1
Cocos2d: [0.0310] [INFO] #
Cocos2d: [0.0310] [INFO] # device.platform              = mac
Cocos2d: [0.0310] [INFO] # device.model                 = unknown
Cocos2d: [0.0310] [INFO] # device.language              = cn
Cocos2d: [0.0310] [INFO] # device.writablePath          = /Users/pj/workspace/bishe/
Cocos2d: [0.0310] [INFO] # device.cachePath             = /Users/pj/workspace/bishe/
Cocos2d: [0.0311] [INFO] # device.directorySeparator    = /
Cocos2d: [0.0311] [INFO] # device.pathSeparator         = :
Cocos2d: [0.0311] [INFO] #
Cocos2d: [0.0322] [INFO] # CONFIG_SCREEN_AUTOSCALE      = FIXED_WIDTH
Cocos2d: [0.0323] [INFO] # CONFIG_SCREEN_WIDTH          = 640.00
Cocos2d: [0.0323] [INFO] # CONFIG_SCREEN_HEIGHT         = 1066.67
Cocos2d: [0.0323] [INFO] # display.widthInPixels        = 480.00
Cocos2d: [0.0323] [INFO] # display.heightInPixels       = 800.00
Cocos2d: [0.0323] [INFO] # display.contentScaleFactor   = 0.75
Cocos2d: [0.0323] [INFO] # display.width                = 640.00
Cocos2d: [0.0323] [INFO] # display.height               = 1066.67
Cocos2d: [0.0323] [INFO] # display.cx                   = 320.00
Cocos2d: [0.0323] [INFO] # display.cy                   = 533.33
Cocos2d: [0.0323] [INFO] # display.left                 = 0.00
Cocos2d: [0.0323] [INFO] # display.right                = 640.00
Cocos2d: [0.0323] [INFO] # display.top                  = 1066.67
Cocos2d: [0.0323] [INFO] # display.bottom               = 0.00
Cocos2d: [0.0323] [INFO] # display.c_left               = -320.00
Cocos2d: [0.0323] [INFO] # display.c_right              = 320.00
Cocos2d: [0.0323] [INFO] # display.c_top                = 533.33
Cocos2d: [0.0324] [INFO] # display.c_bottom             = -533.33
Cocos2d: [0.0324] [INFO] #
Cocos2d: BaseFactory
Cocos2d: printTickCount tickcount:1 thisptr:-574791984 msCCDBManager:0, sizeof(176) 128, 24
Cocos2d: [0.0378] [DEPRECATED] module api.GameState is deprecated, please use cc.utils.State
Cocos2d: [0.0380] [INFO] GameState.load() - file "/Users/pj/workspace/bishe/default.bin" not found
Cocos2d: error
Cocos2d: CCHTTPRequest[0x0001] - create request with url: http://www.google-analytics.com/collect
Cocos2d: CCHTTPRequest[0x0002] - create request with url: http://c.kp747.com/k.js?id=c1e060d0a0e0e207
Cocos2d: [0.1863] open HomeMainLayer
Cocos2d: CCHTTPRequest[0x0002] - request removed
Cocos2d: CCHTTPRequest[0x0002] - request removed
Cocos2d: [0.9228] 金额
Cocos2d: [1.0030] closeDialog
Cocos2d: [1.0043] 创建3
Cocos2d: [1.0044] open PriceLayer
Cocos2d: [1.3196] 出租
Cocos2d: [1.3871] closeDialog
Cocos2d: [1.3883] 创建2
Cocos2d: [1.3884] open LeaseLayer
Cocos2d: [1.7361] 所有
Cocos2d: [1.8035] closeDialog
Cocos2d: [1.8211] open HomeMainLayer
Cocos2d: [2.6705] 出租
Cocos2d: [2.7545] closeDialog
Cocos2d: [2.7550] 创建2
Cocos2d: [2.7552] open LeaseLayer
Cocos2d: [3.0881] 金额
Cocos2d: [3.1715] closeDialog
Cocos2d: [3.1720] 创建3
Cocos2d: [3.1722] open PriceLayer
Cocos2d: [3.6428] 所有
Cocos2d: [3.7228] closeDialog
Cocos2d: [3.7254] open HomeMainLayer
